<?xml version="1.0" encoding="utf-8"?><testsuites name="pytest tests"><testsuite name="pytest" errors="0" failures="0" skipped="0" tests="21" time="8.694" timestamp="2026-09-19T09:54:35.714370+07:00" hostname="DESKTOP-6FNMLL5"><testcase classname="tests.test_phase3_loss_contract" name="test_multi_horizon_loss_has_finite_components_and_gradients" time="0.005" /><testcase classname="tests.test_phase3_loss_contract" name="test_multi_horizon_loss_rejects_invalid_configuration[kwargs0-n_horizons]" time="0.001" /><testcase classname="tests.test_phase3_loss_contract" name="test_multi_horizon_loss_rejects_invalid_configuration[kwargs1-n_classes]" time="0.001" /><testcase classname="tests.test_phase3_loss_contract" name="test_multi_horizon_loss_rejects_invalid_configuration[kwargs2-horizon_weights length]" time="0.001" /><testcase classname="tests.test_phase3_loss_contract" name="test_multi_horizon_loss_rejects_invalid_configuration[kwargs3-finite positive]" time="0.001" /><testcase classname="tests.test_phase3_loss_contract" name="test_multi_horizon_loss_rejects_nan_and_empty_batches" time="0.001" /><testcase classname="tests.test_phase3_loss_contract" name="test_multi_horizon_loss_rejects_invalid_class_instead_of_clamping" time="0.001" /><testcase classname="tests.test_phase3_loss_contract" name="test_horizon_weights_change_the_loss_contribution" time="0.001" /><testcase classname="tests.test_phase3_loss_contract" name="test_haversine_loss_handles_identity_reference_and_dateline" time="0.003" /><testcase classname="tests.test_phase3_loss_contract" name="test_haversine_loss_rejects_non_finite_or_empty_coordinates[bad0]" time="0.001" /><testcase classname="tests.test_phase3_loss_contract" name="test_haversine_loss_rejects_non_finite_or_empty_coordinates[bad1]" time="0.001" /><testcase classname="tests.test_training" name="test_haversine_loss_smaller_when_closer" time="0.001" /><testcase classname="tests.test_training" name="test_multi_horizon_loss_runs" time="0.206" /><testcase classname="tests.test_training" name="test_trainer_runs_one_epoch" time="2.945" /><testcase classname="tests.test_training" name="test_track_error_km_shape" time="0.001" /><testcase classname="tests.test_training" name="test_intensity_accuracy_per_horizon" time="0.001" /><testcase classname="tests.test_training_resume" name="test_continuous_matches_one_plus_resume" time="0.093" /><testcase classname="tests.test_training_resume" name="test_empty_and_nonfinite_validation_are_rejected" time="0.018" /><testcase classname="tests.test_training_resume" name="test_checkpoint_contract_rejects_scheduler_mismatch" time="0.029" /><testcase classname="tests.test_training_pipeline" name="test_train_cli_exports_reloadable_bundle" time="0.326" /><testcase classname="tests.test_training_pipeline" name="test_invalid_config_is_nonzero_at_process_boundary" time="0.009" /></testsuite></testsuites>
