<?xml version="1.0" encoding="utf-8"?><testsuites name="pytest tests"><testsuite name="pytest" errors="0" failures="0" skipped="0" tests="10" time="6.227" timestamp="2026-09-19T09:59:15.020837+07:00" hostname="DESKTOP-6FNMLL5"><testcase classname="tests.test_cache" name="test_cache_key_is_canonical_and_revision_aware" time="0.001" /><testcase classname="tests.test_cache" name="test_cache_hit_miss_and_ttl_expiry" time="0.001" /><testcase classname="tests.test_cache" name="test_invalidation_is_scoped_to_one_storm_across_revisions" time="0.001" /><testcase classname="tests.test_cache" name="test_redis_outage_fails_open_without_masking_primary_result" time="0.003" /><testcase classname="tests.test_cache" name="test_cache_rejects_unsafe_configuration_and_payloads" time="0.001" /><testcase classname="tests.test_inference_api" name="test_trained_bundle_forecast_has_provenance_and_loads_once" time="0.190" /><testcase classname="tests.test_inference_api" name="test_missing_artifact_and_time_freshness_fail_or_warn" time="0.004" /><testcase classname="tests.test_inference_api" name="test_api_auth_validation_and_rate_limit" time="0.092" /><testcase classname="tests.test_inference_api" name="test_api_returns_422_for_invalid_observation_interval" time="0.025" /><testcase classname="tests.test_health" name="test_health_reports_running_process" time="0.016" /></testsuite></testsuites>
