<?xml version="1.0" encoding="utf-8"?><testsuites name="pytest tests"><testsuite name="pytest" errors="0" failures="0" skipped="0" tests="105" time="51.585" timestamp="2026-09-19T13:38:51.696702+07:00" hostname="DESKTOP-6FNMLL5"><testcase classname="tests.test_cache" name="test_cache_key_is_canonical_and_revision_aware" time="0.001" /><testcase classname="tests.test_cache" name="test_cache_hit_miss_and_ttl_expiry" time="0.001" /><testcase classname="tests.test_cache" name="test_invalidation_is_scoped_to_one_storm_across_revisions" time="0.001" /><testcase classname="tests.test_cache" name="test_redis_outage_fails_open_without_masking_primary_result" time="0.003" /><testcase classname="tests.test_cache" name="test_cache_rejects_unsafe_configuration_and_payloads" time="0.001" /><testcase classname="tests.test_commit_message" name="test_valid_messages[feat(ingestion): parse timestamps as UTC]" time="0.001" /><testcase classname="tests.test_commit_message" name="test_valid_messages[fix: reject naive datetimes]" time="0.001" /><testcase classname="tests.test_commit_message" name="test_valid_messages[docs(bundle)!: revise artifact contract\n\nBREAKING CHANGE: manifest schema version is now 2]" time="0.001" /><testcase classname="tests.test_commit_message" name="test_invalid_messages[Update files]" time="0.001" /><testcase classname="tests.test_commit_message" name="test_invalid_messages[feature(api): unsupported type]" time="0.001" /><testcase classname="tests.test_commit_message" name="test_invalid_messages[fix(api) missing colon]" time="0.001" /><testcase classname="tests.test_commit_message" name="test_invalid_messages[fix(api): ends in a period.]" time="0.001" /><testcase classname="tests.test_commit_message" name="test_invalid_messages[fix(api)!: change response]" time="0.001" /><testcase classname="tests.test_commit_message" name="test_invalid_messages[fix(api): short\nbody without blank line]" time="0.001" /><testcase classname="tests.test_commit_message" name="test_invalid_messages[feat(api): xxxxxxxxxxxxxxxxxxxxxxxxxxxxxxxxxxxxxxxxxxxxxxxxxxxxxxxxxxxxxxxxxxxxxxxxxxxxxxxx]" time="0.001" /><testcase classname="tests.test_contributing" name="test_contributing_matches_verified_workflow" time="0.010" /><testcase classname="tests.test_dataset" name="test_split_by_storm_avoids_leakage" time="0.026" /><testcase classname="tests.test_dataset" name="test_split_by_year_orders_test_most_recent" time="0.037" /><testcase classname="tests.test_dataset" name="test_dataset_produces_multi_horizon_targets" time="0.187" /><testcase classname="tests.test_dataset" name="test_collate_pads_variable_length" time="0.085" /><testcase classname="tests.test_dataset" name="test_dataset_no_samples_when_too_short" time="0.026" /><testcase classname="tests.test_environment_contract" name="test_python_and_dependency_groups_are_reproducible" time="0.010" /><testcase classname="tests.test_environment_contract" name="test_setup_target_installs_all_supported_extras" time="0.008" /><testcase classname="tests.test_environment_contract" name="test_env_template_and_settings_loader" time="0.013" /><testcase classname="tests.test_features" name="test_scaler_handles_all_nan_column" time="0.042" /><testcase classname="tests.test_features" name="test_scaler_fills_partial_nan_with_train_mean" time="0.003" /><testcase classname="tests.test_features" name="test_scaler_degenerate_column_survives_save_and_load" time="0.017" /><testcase classname="tests.test_features" name="test_scaler_masks_inf_out_of_train_mean_without_warning" time="0.003" /><testcase classname="tests.test_features" name="test_motion_features_skip_duplicate_timestamp" time="0.008" /><testcase classname="tests.test_features" name="test_motion_features_regular_series_uses_real_dt" time="0.006" /><testcase classname="tests.test_features" name="test_bridge_drops_only_pre_archive_jma_rows" time="0.009" /><testcase classname="tests.test_features" name="test_bridge_maps_intensity_per_source_and_code" time="0.008" /><testcase classname="tests.test_features" name="test_bridge_intensity_mapping_does_not_use_row_apply" time="0.009" /><testcase classname="tests.test_features" name="test_storage_writes_readable_part_atomically" time="0.659" /><testcase classname="tests.test_features" name="test_storage_leaves_no_partial_part_on_failure" time="0.009" /><testcase classname="tests.test_frontend_build" name="test_dashboard_static_files_served_by_fastapi" time="0.190" /><testcase classname="tests.test_health" name="test_health_reports_running_process" time="0.012" /><testcase classname="tests.test_inference_api" name="test_trained_bundle_forecast_has_provenance_and_loads_once" time="0.249" /><testcase classname="tests.test_inference_api" name="test_missing_artifact_and_time_freshness_fail_or_warn" time="0.004" /><testcase classname="tests.test_inference_api" name="test_api_auth_validation_and_rate_limit" time="0.320" /><testcase classname="tests.test_inference_api" name="test_api_returns_422_for_invalid_observation_interval" time="0.021" /><testcase classname="tests.test_ingestion.IdentifierTests" name="test_normalises_jma_and_atcf_ids" time="0.001" /><testcase classname="tests.test_ingestion.ProviderParserTests" name="test_parses_cma_records" time="0.001" /><testcase classname="tests.test_ingestion.ProviderParserTests" name="test_parses_ibtracs_records" time="0.001" /><testcase classname="tests.test_ingestion.ProviderParserTests" name="test_parses_jma_records" time="0.001" /><testcase classname="tests.test_ingestion.ProviderParserTests" name="test_parses_jtwc_atcf_records" time="0.001" /><testcase classname="tests.test_ingestion.MergeTests" name="test_selects_ibtracs_and_retains_conflict" time="0.001" /><testcase classname="tests.test_ingestion.EnvironmentAndScheduleTests" name="test_builds_environment_urls_and_cadence" time="0.001" /><testcase classname="tests.test_ingestion.EnvironmentAndScheduleTests" name="test_builds_era5_pressure_level_request" time="0.001" /><testcase classname="tests.test_model_bundle" name="test_bundle_round_trip_and_horizon_mapping" time="0.112" /><testcase classname="tests.test_model_bundle" name="test_corrupt_payload_and_schema_mismatch_fail_closed" time="0.174" /><testcase classname="tests.test_model_bundle" name="test_predict_rejects_irregular_window" time="0.087" /><testcase classname="tests.test_models" name="test_baseline_lstm_forward_shape" time="0.227" /><testcase classname="tests.test_models" name="test_seq2seq_lstm_forward_shape" time="0.210" /><testcase classname="tests.test_models" name="test_attention_lstm_returns_attention" time="0.174" /><testcase classname="tests.test_models" name="test_mc_dropout_produces_uncertainty" time="0.159" /><testcase classname="tests.test_models" name="test_quantile_wrapper_shape" time="0.178" /><testcase classname="tests.test_models" name="test_quantile_loss_decreases_with_better_prediction" time="0.004" /><testcase classname="tests.test_models" name="test_deep_ensemble_aggregates_predictions" time="0.165" /><testcase classname="tests.test_models" name="test_cone_radius_grows_with_horizon" time="0.001" /><testcase classname="tests.test_models" name="test_build_cone_closes_ring" time="0.001" /><testcase classname="tests.test_package_metadata" name="test_mit_license_and_distribution_metadata_agree" time="0.028" /><testcase classname="tests.test_phase2_contracts" name="test_observation_to_feature_to_api_preserves_contract" time="0.010" /><testcase classname="tests.test_phase2_contracts" name="test_observation_rejects_nonfinite_coordinates[nan-120.0]" time="0.001" /><testcase classname="tests.test_phase2_contracts" name="test_observation_rejects_nonfinite_coordinates[10.0-inf]" time="0.001" /><testcase classname="tests.test_phase2_contracts" name="test_contract_rejects_naive_time_and_unknown_wind_unit" time="0.003" /><testcase classname="tests.test_phase2_contracts" name="test_forecast_times_are_utc_and_match_horizons" time="0.001" /><testcase classname="tests.test_phase2_contracts" name="test_dataset_targets_exact_times_and_skips_gap" time="0.052" /><testcase classname="tests.test_phase2_contracts" name="test_dataset_rejects_duplicate_timestamp" time="0.024" /><testcase classname="tests.test_phase2_contracts" name="test_split_zero_ratios_and_cross_year_storm" time="0.005" /><testcase classname="tests.test_phase2_contracts" name="test_dataset_uses_canonical_feature_order" time="0.038" /><testcase classname="tests.test_phase2_contracts" name="test_scaler_is_train_only_and_enforces_order" time="0.018" /><testcase classname="tests.test_phase2_data_gate" name="test_http_download_success_checksum_empty_404_and_429_retry" time="0.016" /><testcase classname="tests.test_phase2_data_gate" name="test_geospatial_crs_index_coastline_and_locations" time="0.001" /><testcase classname="tests.test_phase2_data_gate" name="test_phase2_pipeline_interpolates_flags_features_and_exports" time="0.222" /><testcase classname="tests.test_phase2_data_gate" name="test_environment_sampling_units_gradient_shear_and_availability" time="0.035" /><testcase classname="tests.test_phase2_data_gate" name="test_feature_dictionary_and_versioned_store_reject_drift" time="0.102" /><testcase classname="tests.test_phase2_data_gate" name="test_window_horizons_split_manifest_and_no_leakage" time="0.324" /><testcase classname="tests.test_phase2_data_gate" name="test_impact_labels_effective_mapping_deduplicate_and_conflicts" time="0.014" /><testcase classname="tests.test_phase3_loss_contract" name="test_multi_horizon_loss_has_finite_components_and_gradients" time="0.015" /><testcase classname="tests.test_phase3_loss_contract" name="test_multi_horizon_loss_rejects_invalid_configuration[kwargs0-n_horizons]" time="0.001" /><testcase classname="tests.test_phase3_loss_contract" name="test_multi_horizon_loss_rejects_invalid_configuration[kwargs1-n_classes]" time="0.001" /><testcase classname="tests.test_phase3_loss_contract" name="test_multi_horizon_loss_rejects_invalid_configuration[kwargs2-horizon_weights length]" time="0.001" /><testcase classname="tests.test_phase3_loss_contract" name="test_multi_horizon_loss_rejects_invalid_configuration[kwargs3-finite positive]" time="0.001" /><testcase classname="tests.test_phase3_loss_contract" name="test_multi_horizon_loss_rejects_nan_and_empty_batches" time="0.001" /><testcase classname="tests.test_phase3_loss_contract" name="test_multi_horizon_loss_rejects_invalid_class_instead_of_clamping" time="0.001" /><testcase classname="tests.test_phase3_loss_contract" name="test_horizon_weights_change_the_loss_contribution" time="0.002" /><testcase classname="tests.test_phase3_loss_contract" name="test_haversine_loss_handles_identity_reference_and_dateline" time="0.009" /><testcase classname="tests.test_phase3_loss_contract" name="test_haversine_loss_rejects_non_finite_or_empty_coordinates[bad0]" time="0.001" /><testcase classname="tests.test_phase3_loss_contract" name="test_haversine_loss_rejects_non_finite_or_empty_coordinates[bad1]" time="0.001" /><testcase classname="tests.test_precommit_config" name="test_precommit_config_declares_file_and_message_stages" time="4.054" /><testcase classname="tests.test_readme" name="test_readme_local_links_and_safety_claims" time="0.014" /><testcase classname="tests.test_refactor_root_imports" name="test_rewrites_from_import_relative_to_importing_module" time="0.004" /><testcase classname="tests.test_refactor_root_imports" name="test_rewrites_plain_import_without_changing_bound_name" time="0.004" /><testcase classname="tests.test_refactor_root_imports" name="test_check_and_write_modes" time="0.021" /><testcase classname="tests.test_training" name="test_haversine_loss_smaller_when_closer" time="0.002" /><testcase classname="tests.test_training" name="test_multi_horizon_loss_runs" time="0.193" /><testcase classname="tests.test_training" name="test_trainer_runs_one_epoch" time="10.360" /><testcase classname="tests.test_training" name="test_track_error_km_shape" time="0.002" /><testcase classname="tests.test_training" name="test_intensity_accuracy_per_horizon" time="0.001" /><testcase classname="tests.test_training_pipeline" name="test_train_cli_exports_reloadable_bundle" time="0.406" /><testcase classname="tests.test_training_pipeline" name="test_invalid_config_is_nonzero_at_process_boundary" time="0.021" /><testcase classname="tests.test_training_resume" name="test_continuous_matches_one_plus_resume" time="0.106" /><testcase classname="tests.test_training_resume" name="test_empty_and_nonfinite_validation_are_rejected" time="0.018" /><testcase classname="tests.test_training_resume" name="test_checkpoint_contract_rejects_scheduler_mismatch" time="0.032" /></testsuite></testsuites>