<?xml version="1.0" encoding="utf-8"?><testsuites name="pytest tests"><testsuite name="pytest" errors="0" failures="0" skipped="0" tests="49" time="10.451" timestamp="2026-09-18T22:17:22.396191+07:00" hostname="DESKTOP-6FNMLL5"><testcase classname="tests.test_dataset" name="test_split_by_storm_avoids_leakage" time="0.027" /><testcase classname="tests.test_dataset" name="test_split_by_year_orders_test_most_recent" time="0.040" /><testcase classname="tests.test_dataset" name="test_dataset_produces_multi_horizon_targets" time="0.196" /><testcase classname="tests.test_dataset" name="test_collate_pads_variable_length" time="0.092" /><testcase classname="tests.test_dataset" name="test_dataset_no_samples_when_too_short" time="0.030" /><testcase classname="tests.test_features" name="test_scaler_handles_all_nan_column" time="0.023" /><testcase classname="tests.test_features" name="test_scaler_fills_partial_nan_with_train_mean" time="0.003" /><testcase classname="tests.test_features" name="test_scaler_degenerate_column_survives_save_and_load" time="0.009" /><testcase classname="tests.test_features" name="test_scaler_masks_inf_out_of_train_mean_without_warning" time="0.003" /><testcase classname="tests.test_features" name="test_motion_features_skip_duplicate_timestamp" time="0.007" /><testcase classname="tests.test_features" name="test_motion_features_regular_series_uses_real_dt" time="0.005" /><testcase classname="tests.test_features" name="test_bridge_drops_only_pre_archive_jma_rows" time="0.009" /><testcase classname="tests.test_features" name="test_bridge_maps_intensity_per_source_and_code" time="0.008" /><testcase classname="tests.test_features" name="test_bridge_intensity_mapping_does_not_use_row_apply" time="0.008" /><testcase classname="tests.test_features" name="test_storage_writes_readable_part_atomically" time="0.067" /><testcase classname="tests.test_features" name="test_storage_leaves_no_partial_part_on_failure" time="0.038" /><testcase classname="tests.test_health" name="test_health_reports_running_process" time="0.014" /><testcase classname="tests.test_ingestion.IdentifierTests" name="test_normalises_jma_and_atcf_ids" time="0.001" /><testcase classname="tests.test_ingestion.ProviderParserTests" name="test_parses_cma_records" time="0.001" /><testcase classname="tests.test_ingestion.ProviderParserTests" name="test_parses_ibtracs_records" time="0.001" /><testcase classname="tests.test_ingestion.ProviderParserTests" name="test_parses_jma_records" time="0.001" /><testcase classname="tests.test_ingestion.ProviderParserTests" name="test_parses_jtwc_atcf_records" time="0.001" /><testcase classname="tests.test_ingestion.MergeTests" name="test_selects_ibtracs_and_retains_conflict" time="0.001" /><testcase classname="tests.test_ingestion.EnvironmentAndScheduleTests" name="test_builds_environment_urls_and_cadence" time="0.001" /><testcase classname="tests.test_ingestion.EnvironmentAndScheduleTests" name="test_builds_era5_pressure_level_request" time="0.001" /><testcase classname="tests.test_models" name="test_baseline_lstm_forward_shape" time="0.185" /><testcase classname="tests.test_models" name="test_seq2seq_lstm_forward_shape" time="0.172" /><testcase classname="tests.test_models" name="test_attention_lstm_returns_attention" time="0.148" /><testcase classname="tests.test_models" name="test_mc_dropout_produces_uncertainty" time="0.171" /><testcase classname="tests.test_models" name="test_quantile_wrapper_shape" time="0.161" /><testcase classname="tests.test_models" name="test_quantile_loss_decreases_with_better_prediction" time="0.001" /><testcase classname="tests.test_models" name="test_deep_ensemble_aggregates_predictions" time="0.155" /><testcase classname="tests.test_models" name="test_cone_radius_grows_with_horizon" time="0.000" /><testcase classname="tests.test_models" name="test_build_cone_closes_ring" time="0.001" /><testcase classname="tests.test_phase2_contracts" name="test_observation_to_feature_to_api_preserves_contract" time="0.009" /><testcase classname="tests.test_phase2_contracts" name="test_observation_rejects_nonfinite_coordinates[nan-120.0]" time="0.001" /><testcase classname="tests.test_phase2_contracts" name="test_observation_rejects_nonfinite_coordinates[10.0-inf]" time="0.001" /><testcase classname="tests.test_phase2_contracts" name="test_contract_rejects_naive_time_and_unknown_wind_unit" time="0.003" /><testcase classname="tests.test_phase2_contracts" name="test_forecast_times_are_utc_and_match_horizons" time="0.003" /><testcase classname="tests.test_phase2_contracts" name="test_dataset_targets_exact_times_and_skips_gap" time="0.048" /><testcase classname="tests.test_phase2_contracts" name="test_dataset_rejects_duplicate_timestamp" time="0.022" /><testcase classname="tests.test_phase2_contracts" name="test_split_zero_ratios_and_cross_year_storm" time="0.004" /><testcase classname="tests.test_phase2_contracts" name="test_dataset_uses_canonical_feature_order" time="0.036" /><testcase classname="tests.test_phase2_contracts" name="test_scaler_is_train_only_and_enforces_order" time="0.012" /><testcase classname="tests.test_training" name="test_haversine_loss_smaller_when_closer" time="0.002" /><testcase classname="tests.test_training" name="test_multi_horizon_loss_runs" time="0.174" /><testcase classname="tests.test_training" name="test_trainer_runs_one_epoch" time="2.992" /><testcase classname="tests.test_training" name="test_track_error_km_shape" time="0.001" /><testcase classname="tests.test_training" name="test_intensity_accuracy_per_horizon" time="0.001" /></testsuite></testsuites>