<?xml version="1.0" encoding="utf-8"?><testsuites name="pytest tests"><testsuite name="pytest" errors="0" failures="0" skipped="0" tests="33" time="10.841" timestamp="2026-09-19T13:45:44.350328+07:00" hostname="DESKTOP-6FNMLL5"><testcase classname="tests.test_models" name="test_baseline_lstm_forward_shape" time="0.238" /><testcase classname="tests.test_models" name="test_seq2seq_lstm_forward_shape" time="0.176" /><testcase classname="tests.test_models" name="test_attention_lstm_returns_attention" time="0.198" /><testcase classname="tests.test_models" name="test_mc_dropout_produces_uncertainty" time="0.166" /><testcase classname="tests.test_models" name="test_quantile_wrapper_shape" time="0.157" /><testcase classname="tests.test_models" name="test_quantile_loss_decreases_with_better_prediction" time="0.001" /><testcase classname="tests.test_models" name="test_deep_ensemble_aggregates_predictions" time="0.159" /><testcase classname="tests.test_models" name="test_cone_radius_grows_with_horizon" time="0.001" /><testcase classname="tests.test_models" name="test_build_cone_closes_ring" time="0.001" /><testcase classname="tests.test_training" name="test_haversine_loss_smaller_when_closer" time="0.002" /><testcase classname="tests.test_training" name="test_multi_horizon_loss_runs" time="0.181" /><testcase classname="tests.test_training" name="test_trainer_runs_one_epoch" time="3.102" /><testcase classname="tests.test_training" name="test_track_error_km_shape" time="0.001" /><testcase classname="tests.test_training" name="test_intensity_accuracy_per_horizon" time="0.001" /><testcase classname="tests.test_training_pipeline" name="test_train_cli_exports_reloadable_bundle" time="0.375" /><testcase classname="tests.test_training_pipeline" name="test_invalid_config_is_nonzero_at_process_boundary" time="0.018" /><testcase classname="tests.test_training_resume" name="test_continuous_matches_one_plus_resume" time="0.095" /><testcase classname="tests.test_training_resume" name="test_empty_and_nonfinite_validation_are_rejected" time="0.021" /><testcase classname="tests.test_training_resume" name="test_checkpoint_contract_rejects_scheduler_mismatch" time="0.032" /><testcase classname="tests.test_model_bundle" name="test_bundle_round_trip_and_horizon_mapping" time="0.111" /><testcase classname="tests.test_model_bundle" name="test_corrupt_payload_and_schema_mismatch_fail_closed" time="0.151" /><testcase classname="tests.test_model_bundle" name="test_predict_rejects_irregular_window" time="0.075" /><testcase classname="tests.test_phase3_loss_contract" name="test_multi_horizon_loss_has_finite_components_and_gradients" time="0.002" /><testcase classname="tests.test_phase3_loss_contract" name="test_multi_horizon_loss_rejects_invalid_configuration[kwargs0-n_horizons]" time="0.001" /><testcase classname="tests.test_phase3_loss_contract" name="test_multi_horizon_loss_rejects_invalid_configuration[kwargs1-n_classes]" time="0.001" /><testcase classname="tests.test_phase3_loss_contract" name="test_multi_horizon_loss_rejects_invalid_configuration[kwargs2-horizon_weights length]" time="0.001" /><testcase classname="tests.test_phase3_loss_contract" name="test_multi_horizon_loss_rejects_invalid_configuration[kwargs3-finite positive]" time="0.001" /><testcase classname="tests.test_phase3_loss_contract" name="test_multi_horizon_loss_rejects_nan_and_empty_batches" time="0.001" /><testcase classname="tests.test_phase3_loss_contract" name="test_multi_horizon_loss_rejects_invalid_class_instead_of_clamping" time="0.001" /><testcase classname="tests.test_phase3_loss_contract" name="test_horizon_weights_change_the_loss_contribution" time="0.001" /><testcase classname="tests.test_phase3_loss_contract" name="test_haversine_loss_handles_identity_reference_and_dateline" time="0.001" /><testcase classname="tests.test_phase3_loss_contract" name="test_haversine_loss_rejects_non_finite_or_empty_coordinates[bad0]" time="0.001" /><testcase classname="tests.test_phase3_loss_contract" name="test_haversine_loss_rejects_non_finite_or_empty_coordinates[bad1]" time="0.001" /></testsuite></testsuites>