<?xml version="1.0" encoding="utf-8"?><testsuites name="pytest tests"><testsuite name="pytest" errors="0" failures="0" skipped="0" tests="61" time="12.332" timestamp="2026-09-19T04:14:17.738078+07:00" hostname="DESKTOP-6FNMLL5"><testcase classname="tests.test_dataset" name="test_split_by_storm_avoids_leakage" time="0.027" /><testcase classname="tests.test_dataset" name="test_split_by_year_orders_test_most_recent" time="0.040" /><testcase classname="tests.test_dataset" name="test_dataset_produces_multi_horizon_targets" time="0.216" /><testcase classname="tests.test_dataset" name="test_collate_pads_variable_length" time="0.098" /><testcase classname="tests.test_dataset" name="test_dataset_no_samples_when_too_short" time="0.028" /><testcase classname="tests.test_features" name="test_scaler_handles_all_nan_column" time="0.022" /><testcase classname="tests.test_features" name="test_scaler_fills_partial_nan_with_train_mean" time="0.002" /><testcase classname="tests.test_features" name="test_scaler_degenerate_column_survives_save_and_load" time="0.016" /><testcase classname="tests.test_features" name="test_scaler_masks_inf_out_of_train_mean_without_warning" time="0.003" /><testcase classname="tests.test_features" name="test_motion_features_skip_duplicate_timestamp" time="0.007" /><testcase classname="tests.test_features" name="test_motion_features_regular_series_uses_real_dt" time="0.005" /><testcase classname="tests.test_features" name="test_bridge_drops_only_pre_archive_jma_rows" time="0.008" /><testcase classname="tests.test_features" name="test_bridge_maps_intensity_per_source_and_code" time="0.007" /><testcase classname="tests.test_features" name="test_bridge_intensity_mapping_does_not_use_row_apply" time="0.008" /><testcase classname="tests.test_features" name="test_storage_writes_readable_part_atomically" time="0.723" /><testcase classname="tests.test_features" name="test_storage_leaves_no_partial_part_on_failure" time="0.009" /><testcase classname="tests.test_health" name="test_health_reports_running_process" time="0.012" /><testcase classname="tests.test_inference_api" name="test_trained_bundle_forecast_has_provenance_and_loads_once" time="0.136" /><testcase classname="tests.test_inference_api" name="test_missing_artifact_and_time_freshness_fail_or_warn" time="0.004" /><testcase classname="tests.test_inference_api" name="test_api_auth_validation_and_rate_limit" time="0.087" /><testcase classname="tests.test_inference_api" name="test_api_returns_422_for_invalid_observation_interval" time="0.021" /><testcase classname="tests.test_ingestion.IdentifierTests" name="test_normalises_jma_and_atcf_ids" time="0.001" /><testcase classname="tests.test_ingestion.ProviderParserTests" name="test_parses_cma_records" time="0.001" /><testcase classname="tests.test_ingestion.ProviderParserTests" name="test_parses_ibtracs_records" time="0.001" /><testcase classname="tests.test_ingestion.ProviderParserTests" name="test_parses_jma_records" time="0.001" /><testcase classname="tests.test_ingestion.ProviderParserTests" name="test_parses_jtwc_atcf_records" time="0.001" /><testcase classname="tests.test_ingestion.MergeTests" name="test_selects_ibtracs_and_retains_conflict" time="0.001" /><testcase classname="tests.test_ingestion.EnvironmentAndScheduleTests" name="test_builds_environment_urls_and_cadence" time="0.001" /><testcase classname="tests.test_ingestion.EnvironmentAndScheduleTests" name="test_builds_era5_pressure_level_request" time="0.001" /><testcase classname="tests.test_model_bundle" name="test_bundle_round_trip_and_horizon_mapping" time="0.106" /><testcase classname="tests.test_model_bundle" name="test_corrupt_payload_and_schema_mismatch_fail_closed" time="0.147" /><testcase classname="tests.test_model_bundle" name="test_predict_rejects_irregular_window" time="0.074" /><testcase classname="tests.test_models" name="test_baseline_lstm_forward_shape" time="0.181" /><testcase classname="tests.test_models" name="test_seq2seq_lstm_forward_shape" time="0.150" /><testcase classname="tests.test_models" name="test_attention_lstm_returns_attention" time="0.305" /><testcase classname="tests.test_models" name="test_mc_dropout_produces_uncertainty" time="0.158" /><testcase classname="tests.test_models" name="test_quantile_wrapper_shape" time="0.146" /><testcase classname="tests.test_models" name="test_quantile_loss_decreases_with_better_prediction" time="0.004" /><testcase classname="tests.test_models" name="test_deep_ensemble_aggregates_predictions" time="0.150" /><testcase classname="tests.test_models" name="test_cone_radius_grows_with_horizon" time="0.001" /><testcase classname="tests.test_models" name="test_build_cone_closes_ring" time="0.001" /><testcase classname="tests.test_phase2_contracts" name="test_observation_to_feature_to_api_preserves_contract" time="0.009" /><testcase classname="tests.test_phase2_contracts" name="test_observation_rejects_nonfinite_coordinates[nan-120.0]" time="0.001" /><testcase classname="tests.test_phase2_contracts" name="test_observation_rejects_nonfinite_coordinates[10.0-inf]" time="0.001" /><testcase classname="tests.test_phase2_contracts" name="test_contract_rejects_naive_time_and_unknown_wind_unit" time="0.003" /><testcase classname="tests.test_phase2_contracts" name="test_forecast_times_are_utc_and_match_horizons" time="0.001" /><testcase classname="tests.test_phase2_contracts" name="test_dataset_targets_exact_times_and_skips_gap" time="0.048" /><testcase classname="tests.test_phase2_contracts" name="test_dataset_rejects_duplicate_timestamp" time="0.022" /><testcase classname="tests.test_phase2_contracts" name="test_split_zero_ratios_and_cross_year_storm" time="0.005" /><testcase classname="tests.test_phase2_contracts" name="test_dataset_uses_canonical_feature_order" time="0.035" /><testcase classname="tests.test_phase2_contracts" name="test_scaler_is_train_only_and_enforces_order" time="0.013" /><testcase classname="tests.test_training" name="test_haversine_loss_smaller_when_closer" time="0.008" /><testcase classname="tests.test_training" name="test_multi_horizon_loss_runs" time="0.179" /><testcase classname="tests.test_training" name="test_trainer_runs_one_epoch" time="2.816" /><testcase classname="tests.test_training" name="test_track_error_km_shape" time="0.001" /><testcase classname="tests.test_training" name="test_intensity_accuracy_per_horizon" time="0.001" /><testcase classname="tests.test_training_pipeline" name="test_train_cli_exports_reloadable_bundle" time="0.318" /><testcase classname="tests.test_training_pipeline" name="test_invalid_config_is_nonzero_at_process_boundary" time="0.008" /><testcase classname="tests.test_training_resume" name="test_continuous_matches_one_plus_resume" time="0.085" /><testcase classname="tests.test_training_resume" name="test_empty_and_nonfinite_validation_are_rejected" time="0.016" /><testcase classname="tests.test_training_resume" name="test_checkpoint_contract_rejects_scheduler_mismatch" time="0.030" /></testsuite></testsuites>
